<?xml version="1.0" encoding="UTF-8"?>
<testsuite name="uk.ac.leedsbeckett.finance.model.InvoiceModelAssemblerTest" tests="10" skipped="0" failures="0" errors="0" timestamp="2025-04-23T09:44:25" hostname="AZHARALI_LAPTOP" time="0.04">
  <properties/>
  <testcase name="testToModel_withValidPaidInvoice_ReturnsExpectedEntityModel()" classname="uk.ac.leedsbeckett.finance.model.InvoiceModelAssemblerTest" time="0.004"/>
  <testcase name="testToModel_withNoDueDate_ThrowsException()" classname="uk.ac.leedsbeckett.finance.model.InvoiceModelAssemblerTest" time="0.003"/>
  <testcase name="testToModel_withIdZero_ThrowsException()" classname="uk.ac.leedsbeckett.finance.model.InvoiceModelAssemblerTest" time="0.004"/>
  <testcase name="testToModel_withValidOutstandingInvoice_ReturnsExpectedEntityModel()" classname="uk.ac.leedsbeckett.finance.model.InvoiceModelAssemblerTest" time="0.004"/>
  <testcase name="testToModel_withNullArgument_ThrowsException()" classname="uk.ac.leedsbeckett.finance.model.InvoiceModelAssemblerTest" time="0.003"/>
  <testcase name="testToModel_withReferenceEmpty_ThrowsException()" classname="uk.ac.leedsbeckett.finance.model.InvoiceModelAssemblerTest" time="0.002"/>
  <testcase name="testToModel_withValidCancelledInvoice_ReturnsExpectedEntityModel()" classname="uk.ac.leedsbeckett.finance.model.InvoiceModelAssemblerTest" time="0.003"/>
  <testcase name="testToModel_withIdNull_ThrowsException()" classname="uk.ac.leedsbeckett.finance.model.InvoiceModelAssemblerTest" time="0.003"/>
  <testcase name="testToModel_withNoAmount_ThrowsException()" classname="uk.ac.leedsbeckett.finance.model.InvoiceModelAssemblerTest" time="0.003"/>
  <testcase name="testToModel_withReferenceNull_ThrowsException()" classname="uk.ac.leedsbeckett.finance.model.InvoiceModelAssemblerTest" time="0.003"/>
  <system-out><![CDATA[2025-04-23 14:44:25.379  INFO 4992 --- [    Test worker] .b.t.c.SpringBootTestContextBootstrapper : Neither @ContextConfiguration nor @ContextHierarchy found for test class [uk.ac.leedsbeckett.finance.model.InvoiceModelAssemblerTest], using SpringBootContextLoader
2025-04-23 14:44:25.380  INFO 4992 --- [    Test worker] o.s.t.c.support.AbstractContextLoader    : Could not detect default resource locations for test class [uk.ac.leedsbeckett.finance.model.InvoiceModelAssemblerTest]: no resource found for suffixes {-context.xml, Context.groovy}.
2025-04-23 14:44:25.380  INFO 4992 --- [    Test worker] t.c.s.AnnotationConfigContextLoaderUtils : Could not detect default configuration classes for test class [uk.ac.leedsbeckett.finance.model.InvoiceModelAssemblerTest]: InvoiceModelAssemblerTest does not declare any static, non-private, non-final, nested classes annotated with @Configuration.
2025-04-23 14:44:25.383  INFO 4992 --- [    Test worker] .b.t.c.SpringBootTestContextBootstrapper : Found @SpringBootConfiguration uk.ac.leedsbeckett.finance.FinanceApplication for test class uk.ac.leedsbeckett.finance.model.InvoiceModelAssemblerTest
2025-04-23 14:44:25.385  INFO 4992 --- [    Test worker] .b.t.c.SpringBootTestContextBootstrapper : Loaded default TestExecutionListener class names from location [META-INF/spring.factories]: [org.springframework.boot.test.autoconfigure.restdocs.RestDocsTestExecutionListener, org.springframework.boot.test.autoconfigure.web.client.MockRestServiceServerResetTestExecutionListener, org.springframework.boot.test.autoconfigure.web.servlet.MockMvcPrintOnlyOnFailureTestExecutionListener, org.springframework.boot.test.autoconfigure.web.servlet.WebDriverTestExecutionListener, org.springframework.boot.test.autoconfigure.webservices.client.MockWebServiceServerTestExecutionListener, org.springframework.boot.test.mock.mockito.MockitoTestExecutionListener, org.springframework.boot.test.mock.mockito.ResetMocksTestExecutionListener, org.springframework.test.context.web.ServletTestExecutionListener, org.springframework.test.context.support.DirtiesContextBeforeModesTestExecutionListener, org.springframework.test.context.event.ApplicationEventsTestExecutionListener, org.springframework.test.context.support.DependencyInjectionTestExecutionListener, org.springframework.test.context.support.DirtiesContextTestExecutionListener, org.springframework.test.context.transaction.TransactionalTestExecutionListener, org.springframework.test.context.jdbc.SqlScriptsTestExecutionListener, org.springframework.test.context.event.EventPublishingTestExecutionListener]
2025-04-23 14:44:25.385  INFO 4992 --- [    Test worker] .b.t.c.SpringBootTestContextBootstrapper : Using TestExecutionListeners: [org.springframework.test.context.web.ServletTestExecutionListener@545c3628, org.springframework.test.context.support.DirtiesContextBeforeModesTestExecutionListener@64a552, org.springframework.test.context.event.ApplicationEventsTestExecutionListener@5d7a274e, org.springframework.boot.test.mock.mockito.MockitoTestExecutionListener@63fa7643, org.springframework.boot.test.autoconfigure.SpringBootDependencyInjectionTestExecutionListener@5622e162, org.springframework.test.context.support.DirtiesContextTestExecutionListener@734990c1, org.springframework.test.context.transaction.TransactionalTestExecutionListener@7f8589b1, org.springframework.test.context.jdbc.SqlScriptsTestExecutionListener@4f7db06c, org.springframework.test.context.event.EventPublishingTestExecutionListener@e156110, org.springframework.boot.test.autoconfigure.restdocs.RestDocsTestExecutionListener@31e5378b, org.springframework.boot.test.autoconfigure.web.client.MockRestServiceServerResetTestExecutionListener@62fef807, org.springframework.boot.test.autoconfigure.web.servlet.MockMvcPrintOnlyOnFailureTestExecutionListener@40a2cae4, org.springframework.boot.test.autoconfigure.web.servlet.WebDriverTestExecutionListener@651a3e01, org.springframework.boot.test.autoconfigure.webservices.client.MockWebServiceServerTestExecutionListener@7d5b1446, org.springframework.boot.test.mock.mockito.ResetMocksTestExecutionListener@6870f52a]
]]></system-out>
  <system-err><![CDATA[]]></system-err>
</testsuite>
