<?xml version="1.0" encoding="UTF-8"?>
<testsuite name="uk.ac.leedsbeckett.finance.controller.InvoiceControllerIntegrationTest" tests="16" skipped="0" failures="1" errors="0" timestamp="2025-04-23T09:44:20" hostname="AZHARALI_LAPTOP" time="0.85">
  <properties/>
  <testcase name="a_givenInvoice_whenGetAccountById_thenStatus200()" classname="uk.ac.leedsbeckett.finance.controller.InvoiceControllerIntegrationTest" time="0.181"/>
  <testcase name="givenCancelledInvoice_whenPay_thenStatus405()" classname="uk.ac.leedsbeckett.finance.controller.InvoiceControllerIntegrationTest" time="0.068"/>
  <testcase name="givenInvoice_whenDelete_thenStatus200_andInvoiceCancelled()" classname="uk.ac.leedsbeckett.finance.controller.InvoiceControllerIntegrationTest" time="0.087"/>
  <testcase name="givenInvoice_whenGetInvoiceByReference_thenStatus200()" classname="uk.ac.leedsbeckett.finance.controller.InvoiceControllerIntegrationTest" time="0.06"/>
  <testcase name="givenInvoices_whenGetInvoices_thenStatus200()" classname="uk.ac.leedsbeckett.finance.controller.InvoiceControllerIntegrationTest" time="0.039"/>
  <testcase name="givenNoInvoice_whenDelete_thenStatus404()" classname="uk.ac.leedsbeckett.finance.controller.InvoiceControllerIntegrationTest" time="0.032"/>
  <testcase name="givenNoInvoice_whenGetInvoiceById_thenStatus404()" classname="uk.ac.leedsbeckett.finance.controller.InvoiceControllerIntegrationTest" time="0.034"/>
  <testcase name="givenNoInvoice_whenGetInvoiceByReference_thenStatus404()" classname="uk.ac.leedsbeckett.finance.controller.InvoiceControllerIntegrationTest" time="0.032"/>
  <testcase name="givenNoInvoice_whenPay_thenStatus405()" classname="uk.ac.leedsbeckett.finance.controller.InvoiceControllerIntegrationTest" time="0.027"/>
  <testcase name="givenNoInvoice_whenPostNewInvoice_thenStatus201()" classname="uk.ac.leedsbeckett.finance.controller.InvoiceControllerIntegrationTest" time="0.047">
    <failure message="java.lang.AssertionError: Status expected:&lt;201&gt; but was:&lt;422&gt;" type="java.lang.AssertionError">java.lang.AssertionError: Status expected:&lt;201&gt; but was:&lt;422&gt;
	at org.springframework.test.util.AssertionErrors.fail(AssertionErrors.java:59)
	at org.springframework.test.util.AssertionErrors.assertEquals(AssertionErrors.java:122)
	at org.springframework.test.web.servlet.result.StatusResultMatchers.lambda$matcher$9(StatusResultMatchers.java:627)
	at org.springframework.test.web.servlet.MockMvc$1.andExpect(MockMvc.java:214)
	at uk.ac.leedsbeckett.finance.controller.InvoiceControllerIntegrationTest.givenNoInvoice_whenPostNewInvoice_thenStatus201(InvoiceControllerIntegrationTest.java:171)
	at java.base/jdk.internal.reflect.DirectMethodHandleAccessor.invoke(DirectMethodHandleAccessor.java:103)
	at java.base/java.lang.reflect.Method.invoke(Method.java:580)
	at org.junit.platform.commons.util.ReflectionUtils.invokeMethod(ReflectionUtils.java:725)
	at org.junit.jupiter.engine.execution.MethodInvocation.proceed(MethodInvocation.java:60)
	at org.junit.jupiter.engine.execution.InvocationInterceptorChain$ValidatingInvocation.proceed(InvocationInterceptorChain.java:131)
	at org.junit.jupiter.engine.extension.TimeoutExtension.intercept(TimeoutExtension.java:149)
	at org.junit.jupiter.engine.extension.TimeoutExtension.interceptTestableMethod(TimeoutExtension.java:140)
	at org.junit.jupiter.engine.extension.TimeoutExtension.interceptTestMethod(TimeoutExtension.java:84)
	at org.junit.jupiter.engine.execution.ExecutableInvoker$ReflectiveInterceptorCall.lambda$ofVoidMethod$0(ExecutableInvoker.java:115)
	at org.junit.jupiter.engine.execution.ExecutableInvoker.lambda$invoke$0(ExecutableInvoker.java:105)
	at org.junit.jupiter.engine.execution.InvocationInterceptorChain$InterceptedInvocation.proceed(InvocationInterceptorChain.java:106)
	at org.junit.jupiter.engine.execution.InvocationInterceptorChain.proceed(InvocationInterceptorChain.java:64)
	at org.junit.jupiter.engine.execution.InvocationInterceptorChain.chainAndInvoke(InvocationInterceptorChain.java:45)
	at org.junit.jupiter.engine.execution.InvocationInterceptorChain.invoke(InvocationInterceptorChain.java:37)
	at org.junit.jupiter.engine.execution.ExecutableInvoker.invoke(ExecutableInvoker.java:104)
	at org.junit.jupiter.engine.execution.ExecutableInvoker.invoke(ExecutableInvoker.java:98)
	at org.junit.jupiter.engine.descriptor.TestMethodTestDescriptor.lambda$invokeTestMethod$7(TestMethodTestDescriptor.java:214)
	at org.junit.platform.engine.support.hierarchical.ThrowableCollector.execute(ThrowableCollector.java:73)
	at org.junit.jupiter.engine.descriptor.TestMethodTestDescriptor.invokeTestMethod(TestMethodTestDescriptor.java:210)
	at org.junit.jupiter.engine.descriptor.TestMethodTestDescriptor.execute(TestMethodTestDescriptor.java:135)
	at org.junit.jupiter.engine.descriptor.TestMethodTestDescriptor.execute(TestMethodTestDescriptor.java:66)
	at org.junit.platform.engine.support.hierarchical.NodeTestTask.lambda$executeRecursively$6(NodeTestTask.java:151)
	at org.junit.platform.engine.support.hierarchical.ThrowableCollector.execute(ThrowableCollector.java:73)
	at org.junit.platform.engine.support.hierarchical.NodeTestTask.lambda$executeRecursively$8(NodeTestTask.java:141)
	at org.junit.platform.engine.support.hierarchical.Node.around(Node.java:137)
	at org.junit.platform.engine.support.hierarchical.NodeTestTask.lambda$executeRecursively$9(NodeTestTask.java:139)
	at org.junit.platform.engine.support.hierarchical.ThrowableCollector.execute(ThrowableCollector.java:73)
	at org.junit.platform.engine.support.hierarchical.NodeTestTask.executeRecursively(NodeTestTask.java:138)
	at org.junit.platform.engine.support.hierarchical.NodeTestTask.execute(NodeTestTask.java:95)
	at java.base/java.util.ArrayList.forEach(ArrayList.java:1596)
	at org.junit.platform.engine.support.hierarchical.SameThreadHierarchicalTestExecutorService.invokeAll(SameThreadHierarchicalTestExecutorService.java:41)
	at org.junit.platform.engine.support.hierarchical.NodeTestTask.lambda$executeRecursively$6(NodeTestTask.java:155)
	at org.junit.platform.engine.support.hierarchical.ThrowableCollector.execute(ThrowableCollector.java:73)
	at org.junit.platform.engine.support.hierarchical.NodeTestTask.lambda$executeRecursively$8(NodeTestTask.java:141)
	at org.junit.platform.engine.support.hierarchical.Node.around(Node.java:137)
	at org.junit.platform.engine.support.hierarchical.NodeTestTask.lambda$executeRecursively$9(NodeTestTask.java:139)
	at org.junit.platform.engine.support.hierarchical.ThrowableCollector.execute(ThrowableCollector.java:73)
	at org.junit.platform.engine.support.hierarchical.NodeTestTask.executeRecursively(NodeTestTask.java:138)
	at org.junit.platform.engine.support.hierarchical.NodeTestTask.execute(NodeTestTask.java:95)
	at java.base/java.util.ArrayList.forEach(ArrayList.java:1596)
	at org.junit.platform.engine.support.hierarchical.SameThreadHierarchicalTestExecutorService.invokeAll(SameThreadHierarchicalTestExecutorService.java:41)
	at org.junit.platform.engine.support.hierarchical.NodeTestTask.lambda$executeRecursively$6(NodeTestTask.java:155)
	at org.junit.platform.engine.support.hierarchical.ThrowableCollector.execute(ThrowableCollector.java:73)
	at org.junit.platform.engine.support.hierarchical.NodeTestTask.lambda$executeRecursively$8(NodeTestTask.java:141)
	at org.junit.platform.engine.support.hierarchical.Node.around(Node.java:137)
	at org.junit.platform.engine.support.hierarchical.NodeTestTask.lambda$executeRecursively$9(NodeTestTask.java:139)
	at org.junit.platform.engine.support.hierarchical.ThrowableCollector.execute(ThrowableCollector.java:73)
	at org.junit.platform.engine.support.hierarchical.NodeTestTask.executeRecursively(NodeTestTask.java:138)
	at org.junit.platform.engine.support.hierarchical.NodeTestTask.execute(NodeTestTask.java:95)
	at org.junit.platform.engine.support.hierarchical.SameThreadHierarchicalTestExecutorService.submit(SameThreadHierarchicalTestExecutorService.java:35)
	at org.junit.platform.engine.support.hierarchical.HierarchicalTestExecutor.execute(HierarchicalTestExecutor.java:57)
	at org.junit.platform.engine.support.hierarchical.HierarchicalTestEngine.execute(HierarchicalTestEngine.java:54)
	at org.junit.platform.launcher.core.EngineExecutionOrchestrator.execute(EngineExecutionOrchestrator.java:107)
	at org.junit.platform.launcher.core.EngineExecutionOrchestrator.execute(EngineExecutionOrchestrator.java:88)
	at org.junit.platform.launcher.core.EngineExecutionOrchestrator.lambda$execute$0(EngineExecutionOrchestrator.java:54)
	at org.junit.platform.launcher.core.EngineExecutionOrchestrator.withInterceptedStreams(EngineExecutionOrchestrator.java:67)
	at org.junit.platform.launcher.core.EngineExecutionOrchestrator.execute(EngineExecutionOrchestrator.java:52)
	at org.junit.platform.launcher.core.DefaultLauncher.execute(DefaultLauncher.java:114)
	at org.junit.platform.launcher.core.DefaultLauncher.execute(DefaultLauncher.java:86)
	at org.junit.platform.launcher.core.DefaultLauncherSession$DelegatingLauncher.execute(DefaultLauncherSession.java:86)
	at org.junit.platform.launcher.core.SessionPerRequestLauncher.execute(SessionPerRequestLauncher.java:53)
	at org.gradle.api.internal.tasks.testing.junitplatform.JUnitPlatformTestClassProcessor$CollectAllTestClassesExecutor.processAllTestClasses(JUnitPlatformTestClassProcessor.java:99)
	at org.gradle.api.internal.tasks.testing.junitplatform.JUnitPlatformTestClassProcessor$CollectAllTestClassesExecutor.access$000(JUnitPlatformTestClassProcessor.java:79)
	at org.gradle.api.internal.tasks.testing.junitplatform.JUnitPlatformTestClassProcessor.stop(JUnitPlatformTestClassProcessor.java:75)
	at org.gradle.api.internal.tasks.testing.SuiteTestClassProcessor.stop(SuiteTestClassProcessor.java:62)
	at java.base/jdk.internal.reflect.DirectMethodHandleAccessor.invoke(DirectMethodHandleAccessor.java:103)
	at java.base/java.lang.reflect.Method.invoke(Method.java:580)
	at org.gradle.internal.dispatch.ReflectionDispatch.dispatch(ReflectionDispatch.java:36)
	at org.gradle.internal.dispatch.ReflectionDispatch.dispatch(ReflectionDispatch.java:24)
	at org.gradle.internal.dispatch.ContextClassLoaderDispatch.dispatch(ContextClassLoaderDispatch.java:33)
	at org.gradle.internal.dispatch.ProxyDispatchAdapter$DispatchingInvocationHandler.invoke(ProxyDispatchAdapter.java:94)
	at jdk.proxy1/jdk.proxy1.$Proxy2.stop(Unknown Source)
	at org.gradle.api.internal.tasks.testing.worker.TestWorker$3.run(TestWorker.java:193)
	at org.gradle.api.internal.tasks.testing.worker.TestWorker.executeAndMaintainThreadName(TestWorker.java:129)
	at org.gradle.api.internal.tasks.testing.worker.TestWorker.execute(TestWorker.java:100)
	at org.gradle.api.internal.tasks.testing.worker.TestWorker.execute(TestWorker.java:60)
	at org.gradle.process.internal.worker.child.ActionExecutionWorker.execute(ActionExecutionWorker.java:56)
	at org.gradle.process.internal.worker.child.SystemApplicationClassLoaderWorker.call(SystemApplicationClassLoaderWorker.java:113)
	at org.gradle.process.internal.worker.child.SystemApplicationClassLoaderWorker.call(SystemApplicationClassLoaderWorker.java:65)
	at worker.org.gradle.process.internal.worker.GradleWorkerMain.run(GradleWorkerMain.java:69)
	at worker.org.gradle.process.internal.worker.GradleWorkerMain.main(GradleWorkerMain.java:74)
</failure>
  </testcase>
  <testcase name="givenNoInvoices_whenGetInvoices_thenStatus200_andLinkToSelf()" classname="uk.ac.leedsbeckett.finance.controller.InvoiceControllerIntegrationTest" time="0.032"/>
  <testcase name="givenOutstandingInvoice_whenPay_thenStatus200_andInvoicePaid()" classname="uk.ac.leedsbeckett.finance.controller.InvoiceControllerIntegrationTest" time="0.059"/>
  <testcase name="givenPaidInvoice_whenPay_thenStatus405()" classname="uk.ac.leedsbeckett.finance.controller.InvoiceControllerIntegrationTest" time="0.031"/>
  <testcase name="whenPostNewInvoice_withEmptyAccountValue_thenStatus422()" classname="uk.ac.leedsbeckett.finance.controller.InvoiceControllerIntegrationTest" time="0.024"/>
  <testcase name="whenPostNewInvoice_withEmptyJson_thenStatus400()" classname="uk.ac.leedsbeckett.finance.controller.InvoiceControllerIntegrationTest" time="0.049"/>
  <testcase name="whenPostNewInvoice_withEmptyStudentIdValue_thenStatus422()" classname="uk.ac.leedsbeckett.finance.controller.InvoiceControllerIntegrationTest" time="0.024"/>
  <system-out><![CDATA[2025-04-23 14:44:18.503  INFO 4992 --- [    Test worker] .b.t.c.SpringBootTestContextBootstrapper : Neither @ContextConfiguration nor @ContextHierarchy found for test class [uk.ac.leedsbeckett.finance.controller.InvoiceControllerIntegrationTest], using SpringBootContextLoader
2025-04-23 14:44:18.504  INFO 4992 --- [    Test worker] o.s.t.c.support.AbstractContextLoader    : Could not detect default resource locations for test class [uk.ac.leedsbeckett.finance.controller.InvoiceControllerIntegrationTest]: no resource found for suffixes {-context.xml, Context.groovy}.
2025-04-23 14:44:18.504  INFO 4992 --- [    Test worker] t.c.s.AnnotationConfigContextLoaderUtils : Could not detect default configuration classes for test class [uk.ac.leedsbeckett.finance.controller.InvoiceControllerIntegrationTest]: InvoiceControllerIntegrationTest does not declare any static, non-private, non-final, nested classes annotated with @Configuration.
2025-04-23 14:44:18.511  INFO 4992 --- [    Test worker] .b.t.c.SpringBootTestContextBootstrapper : Found @SpringBootConfiguration uk.ac.leedsbeckett.finance.FinanceApplication for test class uk.ac.leedsbeckett.finance.controller.InvoiceControllerIntegrationTest
2025-04-23 14:44:18.513  INFO 4992 --- [    Test worker] .b.t.c.SpringBootTestContextBootstrapper : Loaded default TestExecutionListener class names from location [META-INF/spring.factories]: [org.springframework.boot.test.autoconfigure.restdocs.RestDocsTestExecutionListener, org.springframework.boot.test.autoconfigure.web.client.MockRestServiceServerResetTestExecutionListener, org.springframework.boot.test.autoconfigure.web.servlet.MockMvcPrintOnlyOnFailureTestExecutionListener, org.springframework.boot.test.autoconfigure.web.servlet.WebDriverTestExecutionListener, org.springframework.boot.test.autoconfigure.webservices.client.MockWebServiceServerTestExecutionListener, org.springframework.boot.test.mock.mockito.MockitoTestExecutionListener, org.springframework.boot.test.mock.mockito.ResetMocksTestExecutionListener, org.springframework.test.context.web.ServletTestExecutionListener, org.springframework.test.context.support.DirtiesContextBeforeModesTestExecutionListener, org.springframework.test.context.event.ApplicationEventsTestExecutionListener, org.springframework.test.context.support.DependencyInjectionTestExecutionListener, org.springframework.test.context.support.DirtiesContextTestExecutionListener, org.springframework.test.context.transaction.TransactionalTestExecutionListener, org.springframework.test.context.jdbc.SqlScriptsTestExecutionListener, org.springframework.test.context.event.EventPublishingTestExecutionListener]
2025-04-23 14:44:18.514  INFO 4992 --- [    Test worker] .b.t.c.SpringBootTestContextBootstrapper : Using TestExecutionListeners: [org.springframework.test.context.web.ServletTestExecutionListener@78ae34f7, org.springframework.test.context.support.DirtiesContextBeforeModesTestExecutionListener@3eb4fdd5, org.springframework.test.context.event.ApplicationEventsTestExecutionListener@19070326, org.springframework.boot.test.mock.mockito.MockitoTestExecutionListener@52dfd7f5, org.springframework.boot.test.autoconfigure.SpringBootDependencyInjectionTestExecutionListener@5b5f48d5, org.springframework.test.context.support.DirtiesContextTestExecutionListener@421c4c3e, org.springframework.test.context.transaction.TransactionalTestExecutionListener@63236968, org.springframework.test.context.jdbc.SqlScriptsTestExecutionListener@4f6f7a86, org.springframework.test.context.event.EventPublishingTestExecutionListener@6ed78a5e, org.springframework.boot.test.autoconfigure.restdocs.RestDocsTestExecutionListener@4e0a5606, org.springframework.boot.test.autoconfigure.web.client.MockRestServiceServerResetTestExecutionListener@361a1e86, org.springframework.boot.test.autoconfigure.web.servlet.MockMvcPrintOnlyOnFailureTestExecutionListener@295e989, org.springframework.boot.test.autoconfigure.web.servlet.WebDriverTestExecutionListener@504216ff, org.springframework.boot.test.autoconfigure.webservices.client.MockWebServiceServerTestExecutionListener@4ce4c097, org.springframework.boot.test.mock.mockito.ResetMocksTestExecutionListener@2aec09a3]

  .   ____          _            __ _ _
 /\\ / ___'_ __ _ _(_)_ __  __ _ \ \ \ \
( ( )\___ | '_ | '_| | '_ \/ _` | \ \ \ \
 \\/  ___)| |_)| | | | | || (_| |  ) ) ) )
  '  |____| .__|_| |_|_| |_\__, | / / / /
 =========|_|==============|___/=/_/_/_/
 :: Spring Boot ::               (v2.7.18)

2025-04-23 14:44:18.574  INFO 4992 --- [    Test worker] a.l.f.c.InvoiceControllerIntegrationTest : Starting InvoiceControllerIntegrationTest using Java 21.0.6 on azharali_laptop with PID 4992 (started by azhar in D:\Assignment\student-service\finance-master)
2025-04-23 14:44:18.575  INFO 4992 --- [    Test worker] a.l.f.c.InvoiceControllerIntegrationTest : The following 1 profile is active: "test"
2025-04-23 14:44:18.904  INFO 4992 --- [    Test worker] .s.d.r.c.RepositoryConfigurationDelegate : Bootstrapping Spring Data JPA repositories in DEFAULT mode.
2025-04-23 14:44:18.923  INFO 4992 --- [    Test worker] .s.d.r.c.RepositoryConfigurationDelegate : Finished Spring Data repository scanning in 18 ms. Found 2 JPA repository interfaces.
2025-04-23 14:44:18.995  INFO 4992 --- [    Test worker] beddedDataSourceBeanFactoryPostProcessor : Replacing 'dataSource' DataSource bean with embedded version
2025-04-23 14:44:19.206  INFO 4992 --- [    Test worker] o.s.j.d.e.EmbeddedDatabaseFactory        : Starting embedded database: url='jdbc:h2:mem:2398d110-4d01-44f9-a38f-a57e4c5c595c;DB_CLOSE_DELAY=-1;DB_CLOSE_ON_EXIT=false', username='sa'
2025-04-23 14:44:19.293  INFO 4992 --- [    Test worker] o.hibernate.jpa.internal.util.LogHelper  : HHH000204: Processing PersistenceUnitInfo [name: default]
2025-04-23 14:44:19.301  INFO 4992 --- [    Test worker] org.hibernate.dialect.Dialect            : HHH000400: Using dialect: org.hibernate.dialect.H2Dialect
Hibernate: drop table if exists account CASCADE 
Hibernate: drop table if exists account_invoice_list CASCADE 
Hibernate: drop table if exists invoice CASCADE 
Hibernate: create table account (id bigint generated by default as identity, student_id varchar(255), primary key (id))
Hibernate: create table account_invoice_list (account_id bigint not null, invoice_list_id bigint not null)
Hibernate: create table invoice (id bigint generated by default as identity, amount double, due_date date, reference varchar(255), status integer, type integer, account_fk bigint, primary key (id))
Hibernate: alter table account add constraint UK_17io542rmnlpvhcc041w5790h unique (student_id)
Hibernate: alter table account_invoice_list add constraint UK_bk0qum00dfjw1le2hlvd2qxlj unique (invoice_list_id)
Hibernate: alter table invoice add constraint UK_rsygcc7plah2g0vy573xuhxmh unique (reference)
Hibernate: alter table account_invoice_list add constraint FK2md7wefo9fyru31lawts2qw9b foreign key (invoice_list_id) references invoice
Hibernate: alter table account_invoice_list add constraint FKf6bf69pytpp25ewt2dysq1muu foreign key (account_id) references account
Hibernate: alter table invoice add constraint FK237udfnwpogi0olckbos14vma foreign key (account_fk) references account
2025-04-23 14:44:19.366  INFO 4992 --- [    Test worker] o.h.e.t.j.p.i.JtaPlatformInitiator       : HHH000490: Using JtaPlatform implementation: [org.hibernate.engine.transaction.jta.platform.internal.NoJtaPlatform]
2025-04-23 14:44:19.366  INFO 4992 --- [    Test worker] j.LocalContainerEntityManagerFactoryBean : Initialized JPA EntityManagerFactory for persistence unit 'default'
2025-04-23 14:44:19.648  WARN 4992 --- [    Test worker] JpaBaseConfiguration$JpaWebConfiguration : spring.jpa.open-in-view is enabled by default. Therefore, database queries may be performed during view rendering. Explicitly configure spring.jpa.open-in-view to disable this warning
2025-04-23 14:44:20.232  INFO 4992 --- [    Test worker] o.s.b.t.m.w.SpringBootMockServletContext : Initializing Spring TestDispatcherServlet ''
2025-04-23 14:44:20.232  INFO 4992 --- [    Test worker] o.s.t.web.servlet.TestDispatcherServlet  : Initializing Servlet ''
2025-04-23 14:44:20.242  INFO 4992 --- [    Test worker] o.s.t.web.servlet.TestDispatcherServlet  : Completed initialization in 10 ms
2025-04-23 14:44:20.258  INFO 4992 --- [    Test worker] a.l.f.c.InvoiceControllerIntegrationTest : Started InvoiceControllerIntegrationTest in 1.741 seconds (JVM running for 19.991)
Hibernate: select account0_.id as id1_0_1_, account0_.student_id as student_2_0_1_, invoicelis1_.account_id as account_1_1_3_, invoice2_.id as invoice_2_1_3_, invoice2_.id as id1_2_0_, invoice2_.account_fk as account_7_2_0_, invoice2_.amount as amount2_2_0_, invoice2_.due_date as due_date3_2_0_, invoice2_.reference as referenc4_2_0_, invoice2_.status as status5_2_0_, invoice2_.type as type6_2_0_ from account account0_ left outer join account_invoice_list invoicelis1_ on account0_.id=invoicelis1_.account_id left outer join invoice invoice2_ on invoicelis1_.invoice_list_id=invoice2_.id where account0_.id=?
Hibernate: insert into account (id, student_id) values (default, ?)
Hibernate: insert into invoice (id, account_fk, amount, due_date, reference, status, type) values (default, ?, ?, ?, ?, ?, ?)
Hibernate: insert into invoice (id, account_fk, amount, due_date, reference, status, type) values (default, ?, ?, ?, ?, ?, ?)
Hibernate: insert into invoice (id, account_fk, amount, due_date, reference, status, type) values (default, ?, ?, ?, ?, ?, ?)
Hibernate: select invoice0_.id as id1_2_0_, invoice0_.account_fk as account_7_2_0_, invoice0_.amount as amount2_2_0_, invoice0_.due_date as due_date3_2_0_, invoice0_.reference as referenc4_2_0_, invoice0_.status as status5_2_0_, invoice0_.type as type6_2_0_, account1_.id as id1_0_1_, account1_.student_id as student_2_0_1_ from invoice invoice0_ left outer join account account1_ on invoice0_.account_fk=account1_.id where invoice0_.id=?
Hibernate: select invoice0_.id as id1_2_, invoice0_.account_fk as account_7_2_, invoice0_.amount as amount2_2_, invoice0_.due_date as due_date3_2_, invoice0_.reference as referenc4_2_, invoice0_.status as status5_2_, invoice0_.type as type6_2_ from invoice invoice0_
Hibernate: select account0_.id as id1_0_0_, account0_.student_id as student_2_0_0_ from account account0_ where account0_.id=?
Hibernate: delete from invoice where id=?
Hibernate: delete from invoice where id=?
Hibernate: delete from invoice where id=?
Hibernate: select account0_.id as id1_0_1_, account0_.student_id as student_2_0_1_, invoicelis1_.account_id as account_1_1_3_, invoice2_.id as invoice_2_1_3_, invoice2_.id as id1_2_0_, invoice2_.account_fk as account_7_2_0_, invoice2_.amount as amount2_2_0_, invoice2_.due_date as due_date3_2_0_, invoice2_.reference as referenc4_2_0_, invoice2_.status as status5_2_0_, invoice2_.type as type6_2_0_ from account account0_ left outer join account_invoice_list invoicelis1_ on account0_.id=invoicelis1_.account_id left outer join invoice invoice2_ on invoicelis1_.invoice_list_id=invoice2_.id where account0_.id=?
Hibernate: insert into invoice (id, account_fk, amount, due_date, reference, status, type) values (default, ?, ?, ?, ?, ?, ?)
Hibernate: insert into invoice (id, account_fk, amount, due_date, reference, status, type) values (default, ?, ?, ?, ?, ?, ?)
Hibernate: insert into invoice (id, account_fk, amount, due_date, reference, status, type) values (default, ?, ?, ?, ?, ?, ?)
Hibernate: select invoice0_.id as id1_2_, invoice0_.account_fk as account_7_2_, invoice0_.amount as amount2_2_, invoice0_.due_date as due_date3_2_, invoice0_.reference as referenc4_2_, invoice0_.status as status5_2_, invoice0_.type as type6_2_ from invoice invoice0_ where invoice0_.reference=?
Hibernate: select account0_.id as id1_0_0_, account0_.student_id as student_2_0_0_ from account account0_ where account0_.id=?
Hibernate: select invoice0_.id as id1_2_, invoice0_.account_fk as account_7_2_, invoice0_.amount as amount2_2_, invoice0_.due_date as due_date3_2_, invoice0_.reference as referenc4_2_, invoice0_.status as status5_2_, invoice0_.type as type6_2_ from invoice invoice0_
Hibernate: select account0_.id as id1_0_0_, account0_.student_id as student_2_0_0_ from account account0_ where account0_.id=?
Hibernate: delete from invoice where id=?
Hibernate: delete from invoice where id=?
Hibernate: delete from invoice where id=?
Hibernate: select account0_.id as id1_0_1_, account0_.student_id as student_2_0_1_, invoicelis1_.account_id as account_1_1_3_, invoice2_.id as invoice_2_1_3_, invoice2_.id as id1_2_0_, invoice2_.account_fk as account_7_2_0_, invoice2_.amount as amount2_2_0_, invoice2_.due_date as due_date3_2_0_, invoice2_.reference as referenc4_2_0_, invoice2_.status as status5_2_0_, invoice2_.type as type6_2_0_ from account account0_ left outer join account_invoice_list invoicelis1_ on account0_.id=invoicelis1_.account_id left outer join invoice invoice2_ on invoicelis1_.invoice_list_id=invoice2_.id where account0_.id=?
Hibernate: insert into invoice (id, account_fk, amount, due_date, reference, status, type) values (default, ?, ?, ?, ?, ?, ?)
Hibernate: insert into invoice (id, account_fk, amount, due_date, reference, status, type) values (default, ?, ?, ?, ?, ?, ?)
Hibernate: insert into invoice (id, account_fk, amount, due_date, reference, status, type) values (default, ?, ?, ?, ?, ?, ?)
Hibernate: select invoice0_.id as id1_2_, invoice0_.account_fk as account_7_2_, invoice0_.amount as amount2_2_, invoice0_.due_date as due_date3_2_, invoice0_.reference as referenc4_2_, invoice0_.status as status5_2_, invoice0_.type as type6_2_ from invoice invoice0_ where invoice0_.reference=?
Hibernate: select account0_.id as id1_0_0_, account0_.student_id as student_2_0_0_ from account account0_ where account0_.id=?
Hibernate: update invoice set account_fk=?, amount=?, due_date=?, reference=?, status=?, type=? where id=?
Hibernate: select invoice0_.id as id1_2_, invoice0_.account_fk as account_7_2_, invoice0_.amount as amount2_2_, invoice0_.due_date as due_date3_2_, invoice0_.reference as referenc4_2_, invoice0_.status as status5_2_, invoice0_.type as type6_2_ from invoice invoice0_
Hibernate: select account0_.id as id1_0_0_, account0_.student_id as student_2_0_0_ from account account0_ where account0_.id=?
Hibernate: delete from invoice where id=?
Hibernate: delete from invoice where id=?
Hibernate: delete from invoice where id=?
Hibernate: select account0_.id as id1_0_1_, account0_.student_id as student_2_0_1_, invoicelis1_.account_id as account_1_1_3_, invoice2_.id as invoice_2_1_3_, invoice2_.id as id1_2_0_, invoice2_.account_fk as account_7_2_0_, invoice2_.amount as amount2_2_0_, invoice2_.due_date as due_date3_2_0_, invoice2_.reference as referenc4_2_0_, invoice2_.status as status5_2_0_, invoice2_.type as type6_2_0_ from account account0_ left outer join account_invoice_list invoicelis1_ on account0_.id=invoicelis1_.account_id left outer join invoice invoice2_ on invoicelis1_.invoice_list_id=invoice2_.id where account0_.id=?
Hibernate: insert into invoice (id, account_fk, amount, due_date, reference, status, type) values (default, ?, ?, ?, ?, ?, ?)
Hibernate: insert into invoice (id, account_fk, amount, due_date, reference, status, type) values (default, ?, ?, ?, ?, ?, ?)
Hibernate: insert into invoice (id, account_fk, amount, due_date, reference, status, type) values (default, ?, ?, ?, ?, ?, ?)
Hibernate: select invoice0_.id as id1_2_, invoice0_.account_fk as account_7_2_, invoice0_.amount as amount2_2_, invoice0_.due_date as due_date3_2_, invoice0_.reference as referenc4_2_, invoice0_.status as status5_2_, invoice0_.type as type6_2_ from invoice invoice0_ where invoice0_.reference=?
Hibernate: select account0_.id as id1_0_0_, account0_.student_id as student_2_0_0_ from account account0_ where account0_.id=?
Hibernate: select invoice0_.id as id1_2_, invoice0_.account_fk as account_7_2_, invoice0_.amount as amount2_2_, invoice0_.due_date as due_date3_2_, invoice0_.reference as referenc4_2_, invoice0_.status as status5_2_, invoice0_.type as type6_2_ from invoice invoice0_
Hibernate: select account0_.id as id1_0_0_, account0_.student_id as student_2_0_0_ from account account0_ where account0_.id=?
Hibernate: delete from invoice where id=?
Hibernate: delete from invoice where id=?
Hibernate: delete from invoice where id=?
Hibernate: select account0_.id as id1_0_1_, account0_.student_id as student_2_0_1_, invoicelis1_.account_id as account_1_1_3_, invoice2_.id as invoice_2_1_3_, invoice2_.id as id1_2_0_, invoice2_.account_fk as account_7_2_0_, invoice2_.amount as amount2_2_0_, invoice2_.due_date as due_date3_2_0_, invoice2_.reference as referenc4_2_0_, invoice2_.status as status5_2_0_, invoice2_.type as type6_2_0_ from account account0_ left outer join account_invoice_list invoicelis1_ on account0_.id=invoicelis1_.account_id left outer join invoice invoice2_ on invoicelis1_.invoice_list_id=invoice2_.id where account0_.id=?
Hibernate: insert into invoice (id, account_fk, amount, due_date, reference, status, type) values (default, ?, ?, ?, ?, ?, ?)
Hibernate: insert into invoice (id, account_fk, amount, due_date, reference, status, type) values (default, ?, ?, ?, ?, ?, ?)
Hibernate: insert into invoice (id, account_fk, amount, due_date, reference, status, type) values (default, ?, ?, ?, ?, ?, ?)
Hibernate: select invoice0_.id as id1_2_, invoice0_.account_fk as account_7_2_, invoice0_.amount as amount2_2_, invoice0_.due_date as due_date3_2_, invoice0_.reference as referenc4_2_, invoice0_.status as status5_2_, invoice0_.type as type6_2_ from invoice invoice0_
Hibernate: select account0_.id as id1_0_0_, account0_.student_id as student_2_0_0_ from account account0_ where account0_.id=?
Hibernate: select invoice0_.id as id1_2_, invoice0_.account_fk as account_7_2_, invoice0_.amount as amount2_2_, invoice0_.due_date as due_date3_2_, invoice0_.reference as referenc4_2_, invoice0_.status as status5_2_, invoice0_.type as type6_2_ from invoice invoice0_
Hibernate: select account0_.id as id1_0_0_, account0_.student_id as student_2_0_0_ from account account0_ where account0_.id=?
Hibernate: delete from invoice where id=?
Hibernate: delete from invoice where id=?
Hibernate: delete from invoice where id=?
Hibernate: select account0_.id as id1_0_1_, account0_.student_id as student_2_0_1_, invoicelis1_.account_id as account_1_1_3_, invoice2_.id as invoice_2_1_3_, invoice2_.id as id1_2_0_, invoice2_.account_fk as account_7_2_0_, invoice2_.amount as amount2_2_0_, invoice2_.due_date as due_date3_2_0_, invoice2_.reference as referenc4_2_0_, invoice2_.status as status5_2_0_, invoice2_.type as type6_2_0_ from account account0_ left outer join account_invoice_list invoicelis1_ on account0_.id=invoicelis1_.account_id left outer join invoice invoice2_ on invoicelis1_.invoice_list_id=invoice2_.id where account0_.id=?
Hibernate: insert into invoice (id, account_fk, amount, due_date, reference, status, type) values (default, ?, ?, ?, ?, ?, ?)
Hibernate: insert into invoice (id, account_fk, amount, due_date, reference, status, type) values (default, ?, ?, ?, ?, ?, ?)
Hibernate: insert into invoice (id, account_fk, amount, due_date, reference, status, type) values (default, ?, ?, ?, ?, ?, ?)
Hibernate: select invoice0_.id as id1_2_, invoice0_.account_fk as account_7_2_, invoice0_.amount as amount2_2_, invoice0_.due_date as due_date3_2_, invoice0_.reference as referenc4_2_, invoice0_.status as status5_2_, invoice0_.type as type6_2_ from invoice invoice0_ where invoice0_.reference=?
Hibernate: select invoice0_.id as id1_2_, invoice0_.account_fk as account_7_2_, invoice0_.amount as amount2_2_, invoice0_.due_date as due_date3_2_, invoice0_.reference as referenc4_2_, invoice0_.status as status5_2_, invoice0_.type as type6_2_ from invoice invoice0_
Hibernate: select account0_.id as id1_0_0_, account0_.student_id as student_2_0_0_ from account account0_ where account0_.id=?
Hibernate: delete from invoice where id=?
Hibernate: delete from invoice where id=?
Hibernate: delete from invoice where id=?
Hibernate: select account0_.id as id1_0_1_, account0_.student_id as student_2_0_1_, invoicelis1_.account_id as account_1_1_3_, invoice2_.id as invoice_2_1_3_, invoice2_.id as id1_2_0_, invoice2_.account_fk as account_7_2_0_, invoice2_.amount as amount2_2_0_, invoice2_.due_date as due_date3_2_0_, invoice2_.reference as referenc4_2_0_, invoice2_.status as status5_2_0_, invoice2_.type as type6_2_0_ from account account0_ left outer join account_invoice_list invoicelis1_ on account0_.id=invoicelis1_.account_id left outer join invoice invoice2_ on invoicelis1_.invoice_list_id=invoice2_.id where account0_.id=?
Hibernate: insert into invoice (id, account_fk, amount, due_date, reference, status, type) values (default, ?, ?, ?, ?, ?, ?)
Hibernate: insert into invoice (id, account_fk, amount, due_date, reference, status, type) values (default, ?, ?, ?, ?, ?, ?)
Hibernate: insert into invoice (id, account_fk, amount, due_date, reference, status, type) values (default, ?, ?, ?, ?, ?, ?)
Hibernate: select invoice0_.id as id1_2_0_, invoice0_.account_fk as account_7_2_0_, invoice0_.amount as amount2_2_0_, invoice0_.due_date as due_date3_2_0_, invoice0_.reference as referenc4_2_0_, invoice0_.status as status5_2_0_, invoice0_.type as type6_2_0_, account1_.id as id1_0_1_, account1_.student_id as student_2_0_1_ from invoice invoice0_ left outer join account account1_ on invoice0_.account_fk=account1_.id where invoice0_.id=?
Hibernate: select invoice0_.id as id1_2_, invoice0_.account_fk as account_7_2_, invoice0_.amount as amount2_2_, invoice0_.due_date as due_date3_2_, invoice0_.reference as referenc4_2_, invoice0_.status as status5_2_, invoice0_.type as type6_2_ from invoice invoice0_
Hibernate: select account0_.id as id1_0_0_, account0_.student_id as student_2_0_0_ from account account0_ where account0_.id=?
Hibernate: delete from invoice where id=?
Hibernate: delete from invoice where id=?
Hibernate: delete from invoice where id=?
Hibernate: select account0_.id as id1_0_1_, account0_.student_id as student_2_0_1_, invoicelis1_.account_id as account_1_1_3_, invoice2_.id as invoice_2_1_3_, invoice2_.id as id1_2_0_, invoice2_.account_fk as account_7_2_0_, invoice2_.amount as amount2_2_0_, invoice2_.due_date as due_date3_2_0_, invoice2_.reference as referenc4_2_0_, invoice2_.status as status5_2_0_, invoice2_.type as type6_2_0_ from account account0_ left outer join account_invoice_list invoicelis1_ on account0_.id=invoicelis1_.account_id left outer join invoice invoice2_ on invoicelis1_.invoice_list_id=invoice2_.id where account0_.id=?
Hibernate: insert into invoice (id, account_fk, amount, due_date, reference, status, type) values (default, ?, ?, ?, ?, ?, ?)
Hibernate: insert into invoice (id, account_fk, amount, due_date, reference, status, type) values (default, ?, ?, ?, ?, ?, ?)
Hibernate: insert into invoice (id, account_fk, amount, due_date, reference, status, type) values (default, ?, ?, ?, ?, ?, ?)
Hibernate: select invoice0_.id as id1_2_, invoice0_.account_fk as account_7_2_, invoice0_.amount as amount2_2_, invoice0_.due_date as due_date3_2_, invoice0_.reference as referenc4_2_, invoice0_.status as status5_2_, invoice0_.type as type6_2_ from invoice invoice0_ where invoice0_.reference=?
Hibernate: select invoice0_.id as id1_2_, invoice0_.account_fk as account_7_2_, invoice0_.amount as amount2_2_, invoice0_.due_date as due_date3_2_, invoice0_.reference as referenc4_2_, invoice0_.status as status5_2_, invoice0_.type as type6_2_ from invoice invoice0_
Hibernate: select account0_.id as id1_0_0_, account0_.student_id as student_2_0_0_ from account account0_ where account0_.id=?
Hibernate: delete from invoice where id=?
Hibernate: delete from invoice where id=?
Hibernate: delete from invoice where id=?
Hibernate: select account0_.id as id1_0_1_, account0_.student_id as student_2_0_1_, invoicelis1_.account_id as account_1_1_3_, invoice2_.id as invoice_2_1_3_, invoice2_.id as id1_2_0_, invoice2_.account_fk as account_7_2_0_, invoice2_.amount as amount2_2_0_, invoice2_.due_date as due_date3_2_0_, invoice2_.reference as referenc4_2_0_, invoice2_.status as status5_2_0_, invoice2_.type as type6_2_0_ from account account0_ left outer join account_invoice_list invoicelis1_ on account0_.id=invoicelis1_.account_id left outer join invoice invoice2_ on invoicelis1_.invoice_list_id=invoice2_.id where account0_.id=?
Hibernate: insert into invoice (id, account_fk, amount, due_date, reference, status, type) values (default, ?, ?, ?, ?, ?, ?)
Hibernate: insert into invoice (id, account_fk, amount, due_date, reference, status, type) values (default, ?, ?, ?, ?, ?, ?)
Hibernate: insert into invoice (id, account_fk, amount, due_date, reference, status, type) values (default, ?, ?, ?, ?, ?, ?)
2025-04-23 14:44:20.832  WARN 4992 --- [    Test worker] .w.s.m.s.DefaultHandlerExceptionResolver : Resolved [org.springframework.web.HttpRequestMethodNotSupportedException: Request method 'DELETE' not supported]
Hibernate: select invoice0_.id as id1_2_, invoice0_.account_fk as account_7_2_, invoice0_.amount as amount2_2_, invoice0_.due_date as due_date3_2_, invoice0_.reference as referenc4_2_, invoice0_.status as status5_2_, invoice0_.type as type6_2_ from invoice invoice0_
Hibernate: select account0_.id as id1_0_0_, account0_.student_id as student_2_0_0_ from account account0_ where account0_.id=?
Hibernate: delete from invoice where id=?
Hibernate: delete from invoice where id=?
Hibernate: delete from invoice where id=?
Hibernate: select account0_.id as id1_0_1_, account0_.student_id as student_2_0_1_, invoicelis1_.account_id as account_1_1_3_, invoice2_.id as invoice_2_1_3_, invoice2_.id as id1_2_0_, invoice2_.account_fk as account_7_2_0_, invoice2_.amount as amount2_2_0_, invoice2_.due_date as due_date3_2_0_, invoice2_.reference as referenc4_2_0_, invoice2_.status as status5_2_0_, invoice2_.type as type6_2_0_ from account account0_ left outer join account_invoice_list invoicelis1_ on account0_.id=invoicelis1_.account_id left outer join invoice invoice2_ on invoicelis1_.invoice_list_id=invoice2_.id where account0_.id=?
Hibernate: insert into invoice (id, account_fk, amount, due_date, reference, status, type) values (default, ?, ?, ?, ?, ?, ?)
Hibernate: insert into invoice (id, account_fk, amount, due_date, reference, status, type) values (default, ?, ?, ?, ?, ?, ?)
Hibernate: insert into invoice (id, account_fk, amount, due_date, reference, status, type) values (default, ?, ?, ?, ?, ?, ?)
Hibernate: select invoice0_.id as id1_2_, invoice0_.account_fk as account_7_2_, invoice0_.amount as amount2_2_, invoice0_.due_date as due_date3_2_, invoice0_.reference as referenc4_2_, invoice0_.status as status5_2_, invoice0_.type as type6_2_ from invoice invoice0_
Hibernate: select account0_.id as id1_0_0_, account0_.student_id as student_2_0_0_ from account account0_ where account0_.id=?
Hibernate: delete from invoice where id=?
Hibernate: delete from invoice where id=?
Hibernate: delete from invoice where id=?

MockHttpServletRequest:
      HTTP Method = POST
      Request URI = /invoices
       Parameters = {}
          Headers = [Content-Type:"application/json;charset=UTF-8", Content-Length:"102"]
             Body = {"amount": 15.00, "dueDate": "2021-11-06","type": "LIBRARY_FINE","account": {"studentId": "c6666666"}}
    Session Attrs = {}

Handler:
             Type = uk.ac.leedsbeckett.finance.controller.InvoiceController
           Method = uk.ac.leedsbeckett.finance.controller.InvoiceController#newInvoice(Invoice)

Async:
    Async started = false
     Async result = null

Resolved Exception:
             Type = uk.ac.leedsbeckett.finance.exception.InvoiceNotValidException

ModelAndView:
        View name = null
             View = null
            Model = null

FlashMap:
       Attributes = null

MockHttpServletResponse:
           Status = 422
    Error message = null
          Headers = [Content-Type:"text/plain;charset=UTF-8", Content-Length:"22"]
     Content type = text/plain;charset=UTF-8
             Body = Student ID is required
    Forwarded URL = null
   Redirected URL = null
          Cookies = []
Hibernate: select account0_.id as id1_0_1_, account0_.student_id as student_2_0_1_, invoicelis1_.account_id as account_1_1_3_, invoice2_.id as invoice_2_1_3_, invoice2_.id as id1_2_0_, invoice2_.account_fk as account_7_2_0_, invoice2_.amount as amount2_2_0_, invoice2_.due_date as due_date3_2_0_, invoice2_.reference as referenc4_2_0_, invoice2_.status as status5_2_0_, invoice2_.type as type6_2_0_ from account account0_ left outer join account_invoice_list invoicelis1_ on account0_.id=invoicelis1_.account_id left outer join invoice invoice2_ on invoicelis1_.invoice_list_id=invoice2_.id where account0_.id=?
Hibernate: insert into invoice (id, account_fk, amount, due_date, reference, status, type) values (default, ?, ?, ?, ?, ?, ?)
Hibernate: insert into invoice (id, account_fk, amount, due_date, reference, status, type) values (default, ?, ?, ?, ?, ?, ?)
Hibernate: insert into invoice (id, account_fk, amount, due_date, reference, status, type) values (default, ?, ?, ?, ?, ?, ?)
Hibernate: select invoice0_.id as id1_2_, invoice0_.account_fk as account_7_2_, invoice0_.amount as amount2_2_, invoice0_.due_date as due_date3_2_, invoice0_.reference as referenc4_2_, invoice0_.status as status5_2_, invoice0_.type as type6_2_ from invoice invoice0_
Hibernate: select account0_.id as id1_0_0_, account0_.student_id as student_2_0_0_ from account account0_ where account0_.id=?
Hibernate: delete from invoice where id=?
Hibernate: delete from invoice where id=?
Hibernate: delete from invoice where id=?
Hibernate: select invoice0_.id as id1_2_, invoice0_.account_fk as account_7_2_, invoice0_.amount as amount2_2_, invoice0_.due_date as due_date3_2_, invoice0_.reference as referenc4_2_, invoice0_.status as status5_2_, invoice0_.type as type6_2_ from invoice invoice0_
Hibernate: select invoice0_.id as id1_2_, invoice0_.account_fk as account_7_2_, invoice0_.amount as amount2_2_, invoice0_.due_date as due_date3_2_, invoice0_.reference as referenc4_2_, invoice0_.status as status5_2_, invoice0_.type as type6_2_ from invoice invoice0_
Hibernate: select account0_.id as id1_0_1_, account0_.student_id as student_2_0_1_, invoicelis1_.account_id as account_1_1_3_, invoice2_.id as invoice_2_1_3_, invoice2_.id as id1_2_0_, invoice2_.account_fk as account_7_2_0_, invoice2_.amount as amount2_2_0_, invoice2_.due_date as due_date3_2_0_, invoice2_.reference as referenc4_2_0_, invoice2_.status as status5_2_0_, invoice2_.type as type6_2_0_ from account account0_ left outer join account_invoice_list invoicelis1_ on account0_.id=invoicelis1_.account_id left outer join invoice invoice2_ on invoicelis1_.invoice_list_id=invoice2_.id where account0_.id=?
Hibernate: insert into invoice (id, account_fk, amount, due_date, reference, status, type) values (default, ?, ?, ?, ?, ?, ?)
Hibernate: insert into invoice (id, account_fk, amount, due_date, reference, status, type) values (default, ?, ?, ?, ?, ?, ?)
Hibernate: insert into invoice (id, account_fk, amount, due_date, reference, status, type) values (default, ?, ?, ?, ?, ?, ?)
Hibernate: select invoice0_.id as id1_2_, invoice0_.account_fk as account_7_2_, invoice0_.amount as amount2_2_, invoice0_.due_date as due_date3_2_, invoice0_.reference as referenc4_2_, invoice0_.status as status5_2_, invoice0_.type as type6_2_ from invoice invoice0_ where invoice0_.reference=?
Hibernate: select account0_.id as id1_0_0_, account0_.student_id as student_2_0_0_ from account account0_ where account0_.id=?
Hibernate: update invoice set account_fk=?, amount=?, due_date=?, reference=?, status=?, type=? where id=?
Hibernate: select invoice0_.id as id1_2_, invoice0_.account_fk as account_7_2_, invoice0_.amount as amount2_2_, invoice0_.due_date as due_date3_2_, invoice0_.reference as referenc4_2_, invoice0_.status as status5_2_, invoice0_.type as type6_2_ from invoice invoice0_
Hibernate: select account0_.id as id1_0_0_, account0_.student_id as student_2_0_0_ from account account0_ where account0_.id=?
Hibernate: delete from invoice where id=?
Hibernate: delete from invoice where id=?
Hibernate: delete from invoice where id=?
Hibernate: select account0_.id as id1_0_1_, account0_.student_id as student_2_0_1_, invoicelis1_.account_id as account_1_1_3_, invoice2_.id as invoice_2_1_3_, invoice2_.id as id1_2_0_, invoice2_.account_fk as account_7_2_0_, invoice2_.amount as amount2_2_0_, invoice2_.due_date as due_date3_2_0_, invoice2_.reference as referenc4_2_0_, invoice2_.status as status5_2_0_, invoice2_.type as type6_2_0_ from account account0_ left outer join account_invoice_list invoicelis1_ on account0_.id=invoicelis1_.account_id left outer join invoice invoice2_ on invoicelis1_.invoice_list_id=invoice2_.id where account0_.id=?
Hibernate: insert into invoice (id, account_fk, amount, due_date, reference, status, type) values (default, ?, ?, ?, ?, ?, ?)
Hibernate: insert into invoice (id, account_fk, amount, due_date, reference, status, type) values (default, ?, ?, ?, ?, ?, ?)
Hibernate: insert into invoice (id, account_fk, amount, due_date, reference, status, type) values (default, ?, ?, ?, ?, ?, ?)
Hibernate: select invoice0_.id as id1_2_, invoice0_.account_fk as account_7_2_, invoice0_.amount as amount2_2_, invoice0_.due_date as due_date3_2_, invoice0_.reference as referenc4_2_, invoice0_.status as status5_2_, invoice0_.type as type6_2_ from invoice invoice0_ where invoice0_.reference=?
Hibernate: select account0_.id as id1_0_0_, account0_.student_id as student_2_0_0_ from account account0_ where account0_.id=?
Hibernate: select invoice0_.id as id1_2_, invoice0_.account_fk as account_7_2_, invoice0_.amount as amount2_2_, invoice0_.due_date as due_date3_2_, invoice0_.reference as referenc4_2_, invoice0_.status as status5_2_, invoice0_.type as type6_2_ from invoice invoice0_
Hibernate: select account0_.id as id1_0_0_, account0_.student_id as student_2_0_0_ from account account0_ where account0_.id=?
Hibernate: delete from invoice where id=?
Hibernate: delete from invoice where id=?
Hibernate: delete from invoice where id=?
Hibernate: select account0_.id as id1_0_1_, account0_.student_id as student_2_0_1_, invoicelis1_.account_id as account_1_1_3_, invoice2_.id as invoice_2_1_3_, invoice2_.id as id1_2_0_, invoice2_.account_fk as account_7_2_0_, invoice2_.amount as amount2_2_0_, invoice2_.due_date as due_date3_2_0_, invoice2_.reference as referenc4_2_0_, invoice2_.status as status5_2_0_, invoice2_.type as type6_2_0_ from account account0_ left outer join account_invoice_list invoicelis1_ on account0_.id=invoicelis1_.account_id left outer join invoice invoice2_ on invoicelis1_.invoice_list_id=invoice2_.id where account0_.id=?
Hibernate: insert into invoice (id, account_fk, amount, due_date, reference, status, type) values (default, ?, ?, ?, ?, ?, ?)
Hibernate: insert into invoice (id, account_fk, amount, due_date, reference, status, type) values (default, ?, ?, ?, ?, ?, ?)
Hibernate: insert into invoice (id, account_fk, amount, due_date, reference, status, type) values (default, ?, ?, ?, ?, ?, ?)
Hibernate: select invoice0_.id as id1_2_, invoice0_.account_fk as account_7_2_, invoice0_.amount as amount2_2_, invoice0_.due_date as due_date3_2_, invoice0_.reference as referenc4_2_, invoice0_.status as status5_2_, invoice0_.type as type6_2_ from invoice invoice0_
Hibernate: select account0_.id as id1_0_0_, account0_.student_id as student_2_0_0_ from account account0_ where account0_.id=?
Hibernate: delete from invoice where id=?
Hibernate: delete from invoice where id=?
Hibernate: delete from invoice where id=?
Hibernate: select account0_.id as id1_0_1_, account0_.student_id as student_2_0_1_, invoicelis1_.account_id as account_1_1_3_, invoice2_.id as invoice_2_1_3_, invoice2_.id as id1_2_0_, invoice2_.account_fk as account_7_2_0_, invoice2_.amount as amount2_2_0_, invoice2_.due_date as due_date3_2_0_, invoice2_.reference as referenc4_2_0_, invoice2_.status as status5_2_0_, invoice2_.type as type6_2_0_ from account account0_ left outer join account_invoice_list invoicelis1_ on account0_.id=invoicelis1_.account_id left outer join invoice invoice2_ on invoicelis1_.invoice_list_id=invoice2_.id where account0_.id=?
Hibernate: insert into invoice (id, account_fk, amount, due_date, reference, status, type) values (default, ?, ?, ?, ?, ?, ?)
Hibernate: insert into invoice (id, account_fk, amount, due_date, reference, status, type) values (default, ?, ?, ?, ?, ?, ?)
Hibernate: insert into invoice (id, account_fk, amount, due_date, reference, status, type) values (default, ?, ?, ?, ?, ?, ?)
2025-04-23 14:44:21.083  WARN 4992 --- [    Test worker] .w.s.m.s.DefaultHandlerExceptionResolver : Resolved [org.springframework.http.converter.HttpMessageNotReadableException: Required request body is missing: org.springframework.http.ResponseEntity<?> uk.ac.leedsbeckett.finance.controller.InvoiceController.newInvoice(uk.ac.leedsbeckett.finance.model.Invoice)]
Hibernate: select invoice0_.id as id1_2_, invoice0_.account_fk as account_7_2_, invoice0_.amount as amount2_2_, invoice0_.due_date as due_date3_2_, invoice0_.reference as referenc4_2_, invoice0_.status as status5_2_, invoice0_.type as type6_2_ from invoice invoice0_
Hibernate: select account0_.id as id1_0_0_, account0_.student_id as student_2_0_0_ from account account0_ where account0_.id=?
Hibernate: delete from invoice where id=?
Hibernate: delete from invoice where id=?
Hibernate: delete from invoice where id=?
Hibernate: select account0_.id as id1_0_1_, account0_.student_id as student_2_0_1_, invoicelis1_.account_id as account_1_1_3_, invoice2_.id as invoice_2_1_3_, invoice2_.id as id1_2_0_, invoice2_.account_fk as account_7_2_0_, invoice2_.amount as amount2_2_0_, invoice2_.due_date as due_date3_2_0_, invoice2_.reference as referenc4_2_0_, invoice2_.status as status5_2_0_, invoice2_.type as type6_2_0_ from account account0_ left outer join account_invoice_list invoicelis1_ on account0_.id=invoicelis1_.account_id left outer join invoice invoice2_ on invoicelis1_.invoice_list_id=invoice2_.id where account0_.id=?
Hibernate: insert into invoice (id, account_fk, amount, due_date, reference, status, type) values (default, ?, ?, ?, ?, ?, ?)
Hibernate: insert into invoice (id, account_fk, amount, due_date, reference, status, type) values (default, ?, ?, ?, ?, ?, ?)
Hibernate: insert into invoice (id, account_fk, amount, due_date, reference, status, type) values (default, ?, ?, ?, ?, ?, ?)
Hibernate: select invoice0_.id as id1_2_, invoice0_.account_fk as account_7_2_, invoice0_.amount as amount2_2_, invoice0_.due_date as due_date3_2_, invoice0_.reference as referenc4_2_, invoice0_.status as status5_2_, invoice0_.type as type6_2_ from invoice invoice0_
Hibernate: select account0_.id as id1_0_0_, account0_.student_id as student_2_0_0_ from account account0_ where account0_.id=?
Hibernate: delete from invoice where id=?
Hibernate: delete from invoice where id=?
Hibernate: delete from invoice where id=?
2025-04-23 14:44:21.126  INFO 4992 --- [    Test worker] j.LocalContainerEntityManagerFactoryBean : Closing JPA EntityManagerFactory for persistence unit 'default'
2025-04-23 14:44:21.127  INFO 4992 --- [    Test worker] .SchemaDropperImpl$DelayedDropActionImpl : HHH000477: Starting delayed evictData of schema as part of SessionFactory shut-down'
Hibernate: drop table if exists account CASCADE 
Hibernate: drop table if exists account_invoice_list CASCADE 
Hibernate: drop table if exists invoice CASCADE 
]]></system-out>
  <system-err><![CDATA[]]></system-err>
</testsuite>
