<?xml version="1.0" encoding="UTF-8"?>
<testsuite name="uk.ac.leedsbeckett.finance.service.AccountServiceTest" tests="10" skipped="0" failures="0" errors="0" timestamp="2025-04-23T09:44:26" hostname="AZHARALI_LAPTOP" time="0.229">
  <properties/>
  <testcase name="testDeleteAccount_withValidId_deletesAccount()" classname="uk.ac.leedsbeckett.finance.service.AccountServiceTest" time="0.063"/>
  <testcase name="testCreateNewAccount_withValidData_createsAccount()" classname="uk.ac.leedsbeckett.finance.service.AccountServiceTest" time="0.016"/>
  <testcase name="testGetAccountById_withNullID_throwsException()" classname="uk.ac.leedsbeckett.finance.service.AccountServiceTest" time="0.011"/>
  <testcase name="testGetAccountByStudentId_withNullID_throwsException()" classname="uk.ac.leedsbeckett.finance.service.AccountServiceTest" time="0.006"/>
  <testcase name="testGetAccountByStudentId_withValidID_ReturnsExistingAccount()" classname="uk.ac.leedsbeckett.finance.service.AccountServiceTest" time="0.062"/>
  <testcase name="testGetAccountById_withValidID_ReturnsExistingAccount()" classname="uk.ac.leedsbeckett.finance.service.AccountServiceTest" time="0.013"/>
  <testcase name="testGetAllAccounts_returnsExistingAccounts()" classname="uk.ac.leedsbeckett.finance.service.AccountServiceTest" time="0.014"/>
  <testcase name="testGetAccountById_withInValidID_throwsException()" classname="uk.ac.leedsbeckett.finance.service.AccountServiceTest" time="0.009"/>
  <testcase name="testGetAccountByStudentId_withInValidID_throwsException()" classname="uk.ac.leedsbeckett.finance.service.AccountServiceTest" time="0.009"/>
  <testcase name="testGetAccountByStudentId_withEmptyID_throwsException()" classname="uk.ac.leedsbeckett.finance.service.AccountServiceTest" time="0.01"/>
  <system-out><![CDATA[2025-04-23 14:44:25.435  INFO 4992 --- [    Test worker] .b.t.c.SpringBootTestContextBootstrapper : Neither @ContextConfiguration nor @ContextHierarchy found for test class [uk.ac.leedsbeckett.finance.service.AccountServiceTest], using SpringBootContextLoader
2025-04-23 14:44:25.437  INFO 4992 --- [    Test worker] o.s.t.c.support.AbstractContextLoader    : Could not detect default resource locations for test class [uk.ac.leedsbeckett.finance.service.AccountServiceTest]: no resource found for suffixes {-context.xml, Context.groovy}.
2025-04-23 14:44:25.437  INFO 4992 --- [    Test worker] t.c.s.AnnotationConfigContextLoaderUtils : Could not detect default configuration classes for test class [uk.ac.leedsbeckett.finance.service.AccountServiceTest]: AccountServiceTest does not declare any static, non-private, non-final, nested classes annotated with @Configuration.
2025-04-23 14:44:25.456  INFO 4992 --- [    Test worker] .b.t.c.SpringBootTestContextBootstrapper : Found @SpringBootConfiguration uk.ac.leedsbeckett.finance.FinanceApplication for test class uk.ac.leedsbeckett.finance.service.AccountServiceTest
2025-04-23 14:44:25.459  INFO 4992 --- [    Test worker] .b.t.c.SpringBootTestContextBootstrapper : Loaded default TestExecutionListener class names from location [META-INF/spring.factories]: [org.springframework.boot.test.autoconfigure.restdocs.RestDocsTestExecutionListener, org.springframework.boot.test.autoconfigure.web.client.MockRestServiceServerResetTestExecutionListener, org.springframework.boot.test.autoconfigure.web.servlet.MockMvcPrintOnlyOnFailureTestExecutionListener, org.springframework.boot.test.autoconfigure.web.servlet.WebDriverTestExecutionListener, org.springframework.boot.test.autoconfigure.webservices.client.MockWebServiceServerTestExecutionListener, org.springframework.boot.test.mock.mockito.MockitoTestExecutionListener, org.springframework.boot.test.mock.mockito.ResetMocksTestExecutionListener, org.springframework.test.context.web.ServletTestExecutionListener, org.springframework.test.context.support.DirtiesContextBeforeModesTestExecutionListener, org.springframework.test.context.event.ApplicationEventsTestExecutionListener, org.springframework.test.context.support.DependencyInjectionTestExecutionListener, org.springframework.test.context.support.DirtiesContextTestExecutionListener, org.springframework.test.context.transaction.TransactionalTestExecutionListener, org.springframework.test.context.jdbc.SqlScriptsTestExecutionListener, org.springframework.test.context.event.EventPublishingTestExecutionListener]
2025-04-23 14:44:25.460  INFO 4992 --- [    Test worker] .b.t.c.SpringBootTestContextBootstrapper : Using TestExecutionListeners: [org.springframework.test.context.web.ServletTestExecutionListener@39d666e0, org.springframework.test.context.support.DirtiesContextBeforeModesTestExecutionListener@56d3e4a9, org.springframework.test.context.event.ApplicationEventsTestExecutionListener@56bc8c45, org.springframework.boot.test.mock.mockito.MockitoTestExecutionListener@2542d320, org.springframework.boot.test.autoconfigure.SpringBootDependencyInjectionTestExecutionListener@2f29400e, org.springframework.test.context.support.DirtiesContextTestExecutionListener@66161fee, org.springframework.test.context.transaction.TransactionalTestExecutionListener@547a79cd, org.springframework.test.context.jdbc.SqlScriptsTestExecutionListener@67127bb1, org.springframework.test.context.event.EventPublishingTestExecutionListener@25e7e6d, org.springframework.boot.test.autoconfigure.restdocs.RestDocsTestExecutionListener@54e1e8a7, org.springframework.boot.test.autoconfigure.web.client.MockRestServiceServerResetTestExecutionListener@53d257e7, org.springframework.boot.test.autoconfigure.web.servlet.MockMvcPrintOnlyOnFailureTestExecutionListener@276961df, org.springframework.boot.test.autoconfigure.web.servlet.WebDriverTestExecutionListener@56b5de49, org.springframework.boot.test.autoconfigure.webservices.client.MockWebServiceServerTestExecutionListener@dcaa0e8, org.springframework.boot.test.mock.mockito.ResetMocksTestExecutionListener@4c66b3d9]

  .   ____          _            __ _ _
 /\\ / ___'_ __ _ _(_)_ __  __ _ \ \ \ \
( ( )\___ | '_ | '_| | '_ \/ _` | \ \ \ \
 \\/  ___)| |_)| | | | | || (_| |  ) ) ) )
  '  |____| .__|_| |_|_| |_\__, | / / / /
 =========|_|==============|___/=/_/_/_/
 :: Spring Boot ::               (v2.7.18)

2025-04-23 14:44:25.485  INFO 4992 --- [    Test worker] u.a.l.f.service.AccountServiceTest       : Starting AccountServiceTest using Java 21.0.6 on azharali_laptop with PID 4992 (started by azhar in D:\Assignment\student-service\finance-master)
2025-04-23 14:44:25.485  INFO 4992 --- [    Test worker] u.a.l.f.service.AccountServiceTest       : The following 1 profile is active: "test"
2025-04-23 14:44:25.639  INFO 4992 --- [    Test worker] .s.d.r.c.RepositoryConfigurationDelegate : Bootstrapping Spring Data JPA repositories in DEFAULT mode.
2025-04-23 14:44:25.650  INFO 4992 --- [    Test worker] .s.d.r.c.RepositoryConfigurationDelegate : Finished Spring Data repository scanning in 10 ms. Found 2 JPA repository interfaces.
2025-04-23 14:44:26.117  INFO 4992 --- [    Test worker] o.hibernate.jpa.internal.util.LogHelper  : HHH000204: Processing PersistenceUnitInfo [name: default]
2025-04-23 14:44:26.125  INFO 4992 --- [    Test worker] com.zaxxer.hikari.HikariDataSource       : HikariPool-4 - Starting...
2025-04-23 14:44:26.127  INFO 4992 --- [    Test worker] com.zaxxer.hikari.HikariDataSource       : HikariPool-4 - Start completed.
2025-04-23 14:44:26.127  INFO 4992 --- [    Test worker] org.hibernate.dialect.Dialect            : HHH000400: Using dialect: org.hibernate.dialect.H2Dialect
Hibernate: drop table if exists account CASCADE 
Hibernate: drop table if exists account_invoice_list CASCADE 
Hibernate: drop table if exists invoice CASCADE 
Hibernate: create table account (id bigint generated by default as identity, student_id varchar(255), primary key (id))
Hibernate: create table account_invoice_list (account_id bigint not null, invoice_list_id bigint not null)
Hibernate: create table invoice (id bigint generated by default as identity, amount double, due_date date, reference varchar(255), status integer, type integer, account_fk bigint, primary key (id))
Hibernate: alter table account add constraint UK_17io542rmnlpvhcc041w5790h unique (student_id)
Hibernate: alter table account_invoice_list add constraint UK_bk0qum00dfjw1le2hlvd2qxlj unique (invoice_list_id)
Hibernate: alter table invoice add constraint UK_rsygcc7plah2g0vy573xuhxmh unique (reference)
Hibernate: alter table account_invoice_list add constraint FK2md7wefo9fyru31lawts2qw9b foreign key (invoice_list_id) references invoice
Hibernate: alter table account_invoice_list add constraint FKf6bf69pytpp25ewt2dysq1muu foreign key (account_id) references account
Hibernate: alter table invoice add constraint FK237udfnwpogi0olckbos14vma foreign key (account_fk) references account
2025-04-23 14:44:26.183  INFO 4992 --- [    Test worker] o.h.e.t.j.p.i.JtaPlatformInitiator       : HHH000490: Using JtaPlatform implementation: [org.hibernate.engine.transaction.jta.platform.internal.NoJtaPlatform]
2025-04-23 14:44:26.183  INFO 4992 --- [    Test worker] j.LocalContainerEntityManagerFactoryBean : Initialized JPA EntityManagerFactory for persistence unit 'default'
2025-04-23 14:44:26.432  WARN 4992 --- [    Test worker] JpaBaseConfiguration$JpaWebConfiguration : spring.jpa.open-in-view is enabled by default. Therefore, database queries may be performed during view rendering. Explicitly configure spring.jpa.open-in-view to disable this warning
2025-04-23 14:44:26.888  INFO 4992 --- [    Test worker] u.a.l.f.service.AccountServiceTest       : Started AccountServiceTest in 1.425 seconds (JVM running for 26.621)
Hibernate: select invoice0_.id as id1_2_, invoice0_.account_fk as account_7_2_, invoice0_.amount as amount2_2_, invoice0_.due_date as due_date3_2_, invoice0_.reference as referenc4_2_, invoice0_.status as status5_2_, invoice0_.type as type6_2_ from invoice invoice0_ left outer join account account1_ on invoice0_.account_fk=account1_.id where account1_.id=? and invoice0_.status=?
Hibernate: select invoice0_.id as id1_2_, invoice0_.account_fk as account_7_2_, invoice0_.amount as amount2_2_, invoice0_.due_date as due_date3_2_, invoice0_.reference as referenc4_2_, invoice0_.status as status5_2_, invoice0_.type as type6_2_ from invoice invoice0_ left outer join account account1_ on invoice0_.account_fk=account1_.id where account1_.id=? and invoice0_.status=?
Hibernate: select invoice0_.id as id1_2_, invoice0_.account_fk as account_7_2_, invoice0_.amount as amount2_2_, invoice0_.due_date as due_date3_2_, invoice0_.reference as referenc4_2_, invoice0_.status as status5_2_, invoice0_.type as type6_2_ from invoice invoice0_ left outer join account account1_ on invoice0_.account_fk=account1_.id where account1_.id=? and invoice0_.status=?
Hibernate: select invoice0_.id as id1_2_, invoice0_.account_fk as account_7_2_, invoice0_.amount as amount2_2_, invoice0_.due_date as due_date3_2_, invoice0_.reference as referenc4_2_, invoice0_.status as status5_2_, invoice0_.type as type6_2_ from invoice invoice0_ left outer join account account1_ on invoice0_.account_fk=account1_.id where account1_.id=? and invoice0_.status=?
]]></system-out>
  <system-err><![CDATA[]]></system-err>
</testsuite>
