<?xml version="1.0" encoding="UTF-8"?>
<testsuite name="uk.ac.leedsbeckett.finance.model.AccountModelAssemblerTest" tests="4" skipped="0" failures="0" errors="0" timestamp="2025-04-23T09:44:25" hostname="AZHARALI_LAPTOP" time="0.142">
  <properties/>
  <testcase name="testToModel_withIdZero_ThrowsException()" classname="uk.ac.leedsbeckett.finance.model.AccountModelAssemblerTest" time="0.008"/>
  <testcase name="testToModel_withNullArgument_ThrowsException()" classname="uk.ac.leedsbeckett.finance.model.AccountModelAssemblerTest" time="0.003"/>
  <testcase name="testToModel_withIdNull_ThrowsException()" classname="uk.ac.leedsbeckett.finance.model.AccountModelAssemblerTest" time="0.002"/>
  <testcase name="testToModel_withValidAccount_ReturnsExpectedEntityModel()" classname="uk.ac.leedsbeckett.finance.model.AccountModelAssemblerTest" time="0.126"/>
  <system-out><![CDATA[2025-04-23 14:44:23.894  INFO 4992 --- [    Test worker] .b.t.c.SpringBootTestContextBootstrapper : Neither @ContextConfiguration nor @ContextHierarchy found for test class [uk.ac.leedsbeckett.finance.model.AccountModelAssemblerTest], using SpringBootContextLoader
2025-04-23 14:44:23.894  INFO 4992 --- [    Test worker] o.s.t.c.support.AbstractContextLoader    : Could not detect default resource locations for test class [uk.ac.leedsbeckett.finance.model.AccountModelAssemblerTest]: no resource found for suffixes {-context.xml, Context.groovy}.
2025-04-23 14:44:23.895  INFO 4992 --- [    Test worker] t.c.s.AnnotationConfigContextLoaderUtils : Could not detect default configuration classes for test class [uk.ac.leedsbeckett.finance.model.AccountModelAssemblerTest]: AccountModelAssemblerTest does not declare any static, non-private, non-final, nested classes annotated with @Configuration.
2025-04-23 14:44:23.909  INFO 4992 --- [    Test worker] .b.t.c.SpringBootTestContextBootstrapper : Found @SpringBootConfiguration uk.ac.leedsbeckett.finance.FinanceApplication for test class uk.ac.leedsbeckett.finance.model.AccountModelAssemblerTest
2025-04-23 14:44:23.912  INFO 4992 --- [    Test worker] .b.t.c.SpringBootTestContextBootstrapper : Loaded default TestExecutionListener class names from location [META-INF/spring.factories]: [org.springframework.boot.test.autoconfigure.restdocs.RestDocsTestExecutionListener, org.springframework.boot.test.autoconfigure.web.client.MockRestServiceServerResetTestExecutionListener, org.springframework.boot.test.autoconfigure.web.servlet.MockMvcPrintOnlyOnFailureTestExecutionListener, org.springframework.boot.test.autoconfigure.web.servlet.WebDriverTestExecutionListener, org.springframework.boot.test.autoconfigure.webservices.client.MockWebServiceServerTestExecutionListener, org.springframework.boot.test.mock.mockito.MockitoTestExecutionListener, org.springframework.boot.test.mock.mockito.ResetMocksTestExecutionListener, org.springframework.test.context.web.ServletTestExecutionListener, org.springframework.test.context.support.DirtiesContextBeforeModesTestExecutionListener, org.springframework.test.context.event.ApplicationEventsTestExecutionListener, org.springframework.test.context.support.DependencyInjectionTestExecutionListener, org.springframework.test.context.support.DirtiesContextTestExecutionListener, org.springframework.test.context.transaction.TransactionalTestExecutionListener, org.springframework.test.context.jdbc.SqlScriptsTestExecutionListener, org.springframework.test.context.event.EventPublishingTestExecutionListener]
2025-04-23 14:44:23.912  INFO 4992 --- [    Test worker] .b.t.c.SpringBootTestContextBootstrapper : Using TestExecutionListeners: [org.springframework.test.context.web.ServletTestExecutionListener@419df81e, org.springframework.test.context.support.DirtiesContextBeforeModesTestExecutionListener@50cf26b7, org.springframework.test.context.event.ApplicationEventsTestExecutionListener@611c9d31, org.springframework.boot.test.mock.mockito.MockitoTestExecutionListener@1d8cfad5, org.springframework.boot.test.autoconfigure.SpringBootDependencyInjectionTestExecutionListener@337fac72, org.springframework.test.context.support.DirtiesContextTestExecutionListener@1aacde34, org.springframework.test.context.transaction.TransactionalTestExecutionListener@1fdc2d45, org.springframework.test.context.jdbc.SqlScriptsTestExecutionListener@65fc2639, org.springframework.test.context.event.EventPublishingTestExecutionListener@2bae0ac8, org.springframework.boot.test.autoconfigure.restdocs.RestDocsTestExecutionListener@570f2cf7, org.springframework.boot.test.autoconfigure.web.client.MockRestServiceServerResetTestExecutionListener@29478556, org.springframework.boot.test.autoconfigure.web.servlet.MockMvcPrintOnlyOnFailureTestExecutionListener@2d0ea3a9, org.springframework.boot.test.autoconfigure.web.servlet.WebDriverTestExecutionListener@76ad048a, org.springframework.boot.test.autoconfigure.webservices.client.MockWebServiceServerTestExecutionListener@586be63c, org.springframework.boot.test.mock.mockito.ResetMocksTestExecutionListener@4d13b552]

  .   ____          _            __ _ _
 /\\ / ___'_ __ _ _(_)_ __  __ _ \ \ \ \
( ( )\___ | '_ | '_| | '_ \/ _` | \ \ \ \
 \\/  ___)| |_)| | | | | || (_| |  ) ) ) )
  '  |____| .__|_| |_|_| |_\__, | / / / /
 =========|_|==============|___/=/_/_/_/
 :: Spring Boot ::               (v2.7.18)

2025-04-23 14:44:23.966  INFO 4992 --- [    Test worker] u.a.l.f.model.AccountModelAssemblerTest  : Starting AccountModelAssemblerTest using Java 21.0.6 on azharali_laptop with PID 4992 (started by azhar in D:\Assignment\student-service\finance-master)
2025-04-23 14:44:23.966  INFO 4992 --- [    Test worker] u.a.l.f.model.AccountModelAssemblerTest  : The following 1 profile is active: "test"
2025-04-23 14:44:24.214  INFO 4992 --- [    Test worker] .s.d.r.c.RepositoryConfigurationDelegate : Bootstrapping Spring Data JPA repositories in DEFAULT mode.
2025-04-23 14:44:24.225  INFO 4992 --- [    Test worker] .s.d.r.c.RepositoryConfigurationDelegate : Finished Spring Data repository scanning in 10 ms. Found 2 JPA repository interfaces.
2025-04-23 14:44:24.383  INFO 4992 --- [    Test worker] o.hibernate.jpa.internal.util.LogHelper  : HHH000204: Processing PersistenceUnitInfo [name: default]
2025-04-23 14:44:24.389  INFO 4992 --- [    Test worker] com.zaxxer.hikari.HikariDataSource       : HikariPool-3 - Starting...
2025-04-23 14:44:24.390  INFO 4992 --- [    Test worker] com.zaxxer.hikari.HikariDataSource       : HikariPool-3 - Start completed.
2025-04-23 14:44:24.391  INFO 4992 --- [    Test worker] org.hibernate.dialect.Dialect            : HHH000400: Using dialect: org.hibernate.dialect.H2Dialect
Hibernate: drop table if exists account CASCADE 
Hibernate: drop table if exists account_invoice_list CASCADE 
Hibernate: drop table if exists invoice CASCADE 
Hibernate: create table account (id bigint generated by default as identity, student_id varchar(255), primary key (id))
Hibernate: create table account_invoice_list (account_id bigint not null, invoice_list_id bigint not null)
Hibernate: create table invoice (id bigint generated by default as identity, amount double, due_date date, reference varchar(255), status integer, type integer, account_fk bigint, primary key (id))
Hibernate: alter table account add constraint UK_17io542rmnlpvhcc041w5790h unique (student_id)
Hibernate: alter table account_invoice_list add constraint UK_bk0qum00dfjw1le2hlvd2qxlj unique (invoice_list_id)
Hibernate: alter table invoice add constraint UK_rsygcc7plah2g0vy573xuhxmh unique (reference)
Hibernate: alter table account_invoice_list add constraint FK2md7wefo9fyru31lawts2qw9b foreign key (invoice_list_id) references invoice
Hibernate: alter table account_invoice_list add constraint FKf6bf69pytpp25ewt2dysq1muu foreign key (account_id) references account
Hibernate: alter table invoice add constraint FK237udfnwpogi0olckbos14vma foreign key (account_fk) references account
2025-04-23 14:44:24.445  INFO 4992 --- [    Test worker] o.h.e.t.j.p.i.JtaPlatformInitiator       : HHH000490: Using JtaPlatform implementation: [org.hibernate.engine.transaction.jta.platform.internal.NoJtaPlatform]
2025-04-23 14:44:24.446  INFO 4992 --- [    Test worker] j.LocalContainerEntityManagerFactoryBean : Initialized JPA EntityManagerFactory for persistence unit 'default'
2025-04-23 14:44:24.680  WARN 4992 --- [    Test worker] JpaBaseConfiguration$JpaWebConfiguration : spring.jpa.open-in-view is enabled by default. Therefore, database queries may be performed during view rendering. Explicitly configure spring.jpa.open-in-view to disable this warning
2025-04-23 14:44:25.230  INFO 4992 --- [    Test worker] u.a.l.f.model.AccountModelAssemblerTest  : Started AccountModelAssemblerTest in 1.314 seconds (JVM running for 24.963)
]]></system-out>
  <system-err><![CDATA[]]></system-err>
</testsuite>
